<?xml version="1.0" encoding="UTF-8"?>
<testng-results ignored="0" total="1" passed="1" failed="0" skipped="0">
  <reporter-output>
  </reporter-output>
  <suite started-at="2025-09-08T16:44:07 EEST" name="SimpleSuite" finished-at="2025-09-08T16:44:16 EEST" duration-ms="8400">
    <groups>
    </groups>
    <test started-at="2025-09-08T16:44:07 EEST" name="SimpleTest" finished-at="2025-09-08T16:44:16 EEST" duration-ms="8400">
      <class name="SimpleSeleniumTest">
        <test-method is-config="true" signature="setUp()[pri:0, instance:SimpleSeleniumTest@11981797]" started-at="2025-09-08T16:44:07 EEST" name="setUp" finished-at="2025-09-08T16:44:14 EEST" duration-ms="6407" status="PASS">
          <reporter-output>
          </reporter-output>
        </test-method> <!-- setUp -->
        <test-method signature="testCases()[pri:0, instance:SimpleSeleniumTest@11981797]" started-at="2025-09-08T16:44:14 EEST" name="testCases" finished-at="2025-09-08T16:44:14 EEST" duration-ms="668" status="PASS">
          <reporter-output>
          </reporter-output>
        </test-method> <!-- testCases -->
        <test-method is-config="true" signature="teardown()[pri:0, instance:SimpleSeleniumTest@11981797]" started-at="2025-09-08T16:44:14 EEST" name="teardown" finished-at="2025-09-08T16:44:16 EEST" duration-ms="1298" status="PASS">
          <reporter-output>
          </reporter-output>
        </test-method> <!-- teardown -->
      </class> <!-- SimpleSeleniumTest -->
    </test> <!-- SimpleTest -->
  </suite> <!-- SimpleSuite -->
</testng-results>
