<?xml version="1.0" encoding="UTF-8"?>
<testsuite xmlns:xsi="http://www.w3.org/2001/XMLSchema-instance" xsi:noNamespaceSchemaLocation="https://maven.apache.org/surefire/maven-surefire-plugin/xsd/surefire-test-report.xsd" version="3.0.2" name="TestSuite" time="2.282" tests="3" errors="0" skipped="2" failures="1">
  <properties>
[...]
</properties>
  <testcase name="setUp" classname="SimpleSeleniumTest" time="1.693">
    <failure message="Could not start a new session. Possible causes are invalid address of the remote server or browser start-up failure. &#10;Host info: host: &apos;Breadfasts-MacBook-Pro-4.local&apos;, ip: &apos;fe80:0:0:0:1c1a:a3a9:21c:8f7%en0&apos;&#10;Build info: version: &apos;4.35.0&apos;, revision: &apos;1c58e5028b&apos;&#10;System info: os.name: &apos;Mac OS X&apos;, os.arch: &apos;aarch64&apos;, os.version: &apos;15.6.1&apos;, java.version: &apos;24.0.2&apos;&#10;Driver info: org.openqa.selenium.remote.RemoteWebDriver&#10;Command: [null, newSession {capabilities=[Capabilities {acceptInsecureCerts: true, browserName: Chrome, browserVersion: latest, goog:chromeOptions: {args: [--ignore-certificate-errors, --disable-gpu, --window-size=1920,1080], extensions: []}, name: Sample Test, os: Windows, osVersion: 11}]}]&#10;Capabilities {acceptInsecureCerts: true, browserName: Chrome, browserVersion: latest, goog:chromeOptions: {args: [--ignore-certificate-errors, --disable-gpu, --window-size=1920,1080], extensions: []}, name: Sample Test, os: Windows, osVersion: 11}" type="org.openqa.selenium.SessionNotCreatedException"><![CDATA[org.openqa.selenium.SessionNotCreatedException: 
Could not start a new session. Possible causes are invalid address of the remote server or browser start-up failure. 
Host info: host: 'Breadfasts-MacBook-Pro-4.local', ip: 'fe80:0:0:0:1c1a:a3a9:21c:8f7%en0'
Build info: version: '4.35.0', revision: '1c58e5028b'
System info: os.name: 'Mac OS X', os.arch: 'aarch64', os.version: '15.6.1', java.version: '24.0.2'
Driver info: org.openqa.selenium.remote.RemoteWebDriver
Command: [null, newSession {capabilities=[Capabilities {acceptInsecureCerts: true, browserName: Chrome, browserVersion: latest, goog:chromeOptions: {args: [--ignore-certificate-errors, --disable-gpu, --window-size=1920,1080], extensions: []}, name: Sample Test, os: Windows, osVersion: 11}]}]
Capabilities {acceptInsecureCerts: true, browserName: Chrome, browserVersion: latest, goog:chromeOptions: {args: [--ignore-certificate-errors, --disable-gpu, --window-size=1920,1080], extensions: []}, name: Sample Test, os: Windows, osVersion: 11}
	at org.openqa.selenium.remote.RemoteWebDriver.execute(RemoteWebDriver.java:575)
	at org.openqa.selenium.remote.RemoteWebDriver.startSession(RemoteWebDriver.java:246)
	at org.openqa.selenium.remote.RemoteWebDriver.<init>(RemoteWebDriver.java:174)
	at org.openqa.selenium.remote.RemoteWebDriver.<init>(RemoteWebDriver.java:152)
	at BaseTests.initializeDriver(BaseTests.java:39)
	at SimpleSeleniumTest.setUp(SimpleSeleniumTest.java:16)
	at java.base/jdk.internal.reflect.DirectMethodHandleAccessor.invoke(DirectMethodHandleAccessor.java:104)
	at java.base/java.lang.reflect.Method.invoke(Method.java:565)
	at org.testng.internal.invokers.MethodInvocationHelper.invokeMethod(MethodInvocationHelper.java:141)
	at org.testng.internal.invokers.MethodInvocationHelper.invokeMethodConsideringTimeout(MethodInvocationHelper.java:71)
	at org.testng.internal.invokers.ConfigInvoker.invokeConfigurationMethod(ConfigInvoker.java:400)
	at org.testng.internal.invokers.ConfigInvoker.invokeConfigurations(ConfigInvoker.java:333)
	at org.testng.TestRunner.invokeTestConfigurations(TestRunner.java:657)
	at org.testng.TestRunner.beforeRun(TestRunner.java:646)
	at org.testng.TestRunner.run(TestRunner.java:612)
	at org.testng.SuiteRunner.runTest(SuiteRunner.java:421)
	at org.testng.SuiteRunner.runSequentially(SuiteRunner.java:413)
	at org.testng.SuiteRunner.privateRun(SuiteRunner.java:373)
	at org.testng.SuiteRunner.run(SuiteRunner.java:312)
	at org.testng.SuiteRunnerWorker.runSuite(SuiteRunnerWorker.java:52)
	at org.testng.SuiteRunnerWorker.run(SuiteRunnerWorker.java:95)
	at org.testng.TestNG.runSuitesSequentially(TestNG.java:1274)
	at org.testng.TestNG.runSuitesLocally(TestNG.java:1208)
	at org.testng.TestNG.runSuites(TestNG.java:1112)
	at org.testng.TestNG.run(TestNG.java:1079)
	at org.apache.maven.surefire.testng.TestNGExecutor.run(TestNGExecutor.java:308)
	at org.apache.maven.surefire.testng.TestNGXmlTestSuite.execute(TestNGXmlTestSuite.java:71)
	at org.apache.maven.surefire.testng.TestNGProvider.invoke(TestNGProvider.java:113)
	at org.apache.maven.surefire.booter.ForkedBooter.runSuitesInProcess(ForkedBooter.java:385)
	at org.apache.maven.surefire.booter.ForkedBooter.execute(ForkedBooter.java:162)
	at org.apache.maven.surefire.booter.ForkedBooter.run(ForkedBooter.java:507)
	at org.apache.maven.surefire.booter.ForkedBooter.main(ForkedBooter.java:495)
Caused by: java.lang.IllegalArgumentException: Illegal key values seen in w3c capabilities: [name, os, osVersion]
	at org.openqa.selenium.remote.NewSessionPayload.lambda$validate$5(NewSessionPayload.java:163)
	at java.base/java.util.stream.ReferencePipeline$15$1.accept(ReferencePipeline.java:580)
	at java.base/java.util.stream.ReferencePipeline$15$1.accept(ReferencePipeline.java:581)
	at java.base/java.util.stream.ReferencePipeline$3$1.accept(ReferencePipeline.java:215)
	at java.base/java.util.stream.ReferencePipeline$15$1.accept(ReferencePipeline.java:581)
	at java.base/java.util.ArrayList$ArrayListSpliterator.forEachRemaining(ArrayList.java:1716)
	at java.base/java.util.stream.AbstractPipeline.copyInto(AbstractPipeline.java:570)
	at java.base/java.util.stream.AbstractPipeline.wrapAndCopyInto(AbstractPipeline.java:560)
	at java.base/java.util.stream.ForEachOps$ForEachOp.evaluateSequential(ForEachOps.java:153)
	at java.base/java.util.stream.ForEachOps$ForEachOp$OfRef.evaluateSequential(ForEachOps.java:176)
	at java.base/java.util.stream.AbstractPipeline.evaluate(AbstractPipeline.java:265)
	at java.base/java.util.stream.ReferencePipeline.forEach(ReferencePipeline.java:636)
	at org.openqa.selenium.remote.NewSessionPayload.validate(NewSessionPayload.java:167)
	at org.openqa.selenium.remote.NewSessionPayload.<init>(NewSessionPayload.java:70)
	at org.openqa.selenium.remote.NewSessionPayload.create(NewSessionPayload.java:99)
	at org.openqa.selenium.remote.NewSessionPayload.create(NewSessionPayload.java:84)
	at org.openqa.selenium.remote.ProtocolHandshake.createSession(ProtocolHandshake.java:60)
	at org.openqa.selenium.remote.HttpCommandExecutor.execute(HttpCommandExecutor.java:187)
	at org.openqa.selenium.remote.TracedCommandExecutor.execute(TracedCommandExecutor.java:53)
	at org.openqa.selenium.remote.RemoteWebDriver.execute(RemoteWebDriver.java:557)
	... 31 more
]]></failure>
    <system-out><![CDATA[11:59:56.182 [main] DEBUG org.testng.TestNG -- suiteXmlPath: "/Users/breadfast/IdeaProjects/githubactionspoc/src/test/resources/testng.xml"
]]></system-out>
    <system-err><![CDATA[Sep 07, 2025 11:59:57 AM org.openqa.selenium.remote.tracing.opentelemetry.OpenTelemetryTracer createTracer
INFO: Using OpenTelemetry for tracing
Sep 07, 2025 11:59:57 AM org.openqa.selenium.remote.RemoteWebDriver checkNonW3CCapabilities
WARNING: Support for Legacy Capabilities is deprecated; You are sending the following invalid capabilities: [name, os, osVersion]; Please update to W3C Syntax: https://www.selenium.dev/blog/2022/legacy-protocol-support/
]]></system-err>
  </testcase>
  <testcase name="testCases" classname="SimpleSeleniumTest" time="0.0">
    <skipped message="Could not start a new session. Possible causes are invalid address of the remote server or browser start-up failure. &#10;Host info: host: &apos;Breadfasts-MacBook-Pro-4.local&apos;, ip: &apos;fe80:0:0:0:1c1a:a3a9:21c:8f7%en0&apos;&#10;Build info: version: &apos;4.35.0&apos;, revision: &apos;1c58e5028b&apos;&#10;System info: os.name: &apos;Mac OS X&apos;, os.arch: &apos;aarch64&apos;, os.version: &apos;15.6.1&apos;, java.version: &apos;24.0.2&apos;&#10;Driver info: org.openqa.selenium.remote.RemoteWebDriver&#10;Command: [null, newSession {capabilities=[Capabilities {acceptInsecureCerts: true, browserName: Chrome, browserVersion: latest, goog:chromeOptions: {args: [--ignore-certificate-errors, --disable-gpu, --window-size=1920,1080], extensions: []}, name: Sample Test, os: Windows, osVersion: 11}]}]&#10;Capabilities {acceptInsecureCerts: true, browserName: Chrome, browserVersion: latest, goog:chromeOptions: {args: [--ignore-certificate-errors, --disable-gpu, --window-size=1920,1080], extensions: []}, name: Sample Test, os: Windows, osVersion: 11}"/>
  </testcase>
  <testcase name="teardown" classname="SimpleSeleniumTest" time="0.0">
    <skipped/>
  </testcase>
</testsuite>