<?xml version="1.0" encoding="UTF-8"?>
<testng-results ignored="0" total="1" passed="1" failed="0" skipped="0">
  <reporter-output>
  </reporter-output>
  <suite started-at="2025-09-07T12:54:04 EEST" name="SimpleSuite" finished-at="2025-09-07T12:54:34 EEST" duration-ms="30005">
    <groups>
    </groups>
    <test started-at="2025-09-07T12:54:04 EEST" name="SimpleTest" finished-at="2025-09-07T12:54:34 EEST" duration-ms="30005">
      <class name="SimpleSeleniumTest">
        <test-method is-config="true" signature="setUp()[pri:0, instance:SimpleSeleniumTest@11981797]" started-at="2025-09-07T12:54:04 EEST" name="setUp" finished-at="2025-09-07T12:54:15 EEST" duration-ms="10823" status="PASS">
          <reporter-output>
          </reporter-output>
        </test-method> <!-- setUp -->
        <test-method signature="testCases()[pri:0, instance:SimpleSeleniumTest@11981797]" started-at="2025-09-07T12:54:15 EEST" name="testCases" finished-at="2025-09-07T12:54:33 EEST" duration-ms="17711" status="PASS">
          <reporter-output>
          </reporter-output>
        </test-method> <!-- testCases -->
        <test-method is-config="true" signature="teardown()[pri:0, instance:SimpleSeleniumTest@11981797]" started-at="2025-09-07T12:54:33 EEST" name="teardown" finished-at="2025-09-07T12:54:34 EEST" duration-ms="1445" status="PASS">
          <reporter-output>
          </reporter-output>
        </test-method> <!-- teardown -->
      </class> <!-- SimpleSeleniumTest -->
    </test> <!-- SimpleTest -->
  </suite> <!-- SimpleSuite -->
</testng-results>
