<?xml version="1.0" encoding="UTF-8"?>
<testsuite xmlns:xsi="http://www.w3.org/2001/XMLSchema-instance" xsi:noNamespaceSchemaLocation="https://maven.apache.org/surefire/maven-surefire-plugin/xsd/surefire-test-report.xsd" version="3.0.2" name="TestSuite" time="10.244" tests="1" errors="0" skipped="0" failures="0">
  <properties>
[...]
</properties>
  <testcase name="testCases" classname="SimpleSeleniumTest" time="0.669">
    <system-out><![CDATA[16:44:06.553 [main] DEBUG org.testng.TestNG -- suiteXmlPath: "/Users/breadfast/IdeaProjects/githubactionspoc/src/test/resources/testng.xml"
]]></system-out>
    <system-err><![CDATA[Sep 08, 2025 4:44:07 PM org.openqa.selenium.remote.tracing.opentelemetry.OpenTelemetryTracer createTracer
INFO: Using OpenTelemetry for tracing
]]></system-err>
  </testcase>
</testsuite>